[debug] [2026-04-05T21:45:47.062Z] ----------------------------------------------------------------------
[debug] [2026-04-05T21:45:47.065Z] Command:       /usr/bin/node /usr/local/bin/firebase login --no-localhost
[debug] [2026-04-05T21:45:47.066Z] CLI Version:   13.35.1
[debug] [2026-04-05T21:45:47.067Z] Platform:      linux
[debug] [2026-04-05T21:45:47.067Z] Node Version:  v18.19.1
[debug] [2026-04-05T21:45:47.068Z] Time:          Sun Apr 05 2026 21:45:47 GMT+0000 (Coordinated Universal Time)
[debug] [2026-04-05T21:45:47.068Z] Env Overrides: GITHUB_API_URL, GITHUB_API_URL
[debug] [2026-04-05T21:45:47.068Z] ----------------------------------------------------------------------
[debug] 
[debug] [2026-04-05T21:45:47.073Z] >>> [apiv2][query] GET https://firebase-public.firebaseio.com/cli.json [none]
[info] i  Firebase optionally collects CLI and Emulator Suite usage and error reporting information to help improve our products. Data is collected in accordance with Google's privacy policy (https://policies.google.com/privacy) and is not used to identify you.
 
[debug] [2026-04-05T21:45:47.224Z] <<< [apiv2][status] GET https://firebase-public.firebaseio.com/cli.json 200
[debug] [2026-04-05T21:45:47.224Z] <<< [apiv2][body] GET https://firebase-public.firebaseio.com/cli.json {"cloudBuildErrorAfter":1594252800000,"cloudBuildWarnAfter":1590019200000,"defaultNode10After":1594252800000,"minVersion":"3.0.5","node8DeploysDisabledAfter":1613390400000,"node8RuntimeDisabledAfter":1615809600000,"node8WarnAfter":1600128000000}
[info] i  To change your data collection preference at any time, run `firebase logout` and log in again. 
[debug] [2026-04-05T21:45:58.012Z] >>> [apiv2][query] POST https://auth.firebase.tools/attest [none]
[debug] [2026-04-05T21:45:58.012Z] >>> [apiv2][body] POST https://auth.firebase.tools/attest {"session_id":"d19f7b23-b375-4da6-b9fb-424ef1b6d255"}
[debug] [2026-04-05T21:45:58.279Z] <<< [apiv2][status] POST https://auth.firebase.tools/attest 200
[debug] [2026-04-05T21:45:58.279Z] <<< [apiv2][body] POST https://auth.firebase.tools/attest {"token":"qLjm7GxRl36Rs5js3m0BVNl2s4khSkDHcC0M3NSVQ1E"}
[info] 
[info] To sign in to the Firebase CLI:
[info] 
[info] 1. Take note of your session ID:
[info] 
[info]    D19F7
[info] 
[info] 2. Visit the URL below on any device and follow the instructions to get your code:
[info] 
[info]    https://auth.firebase.tools/login?code_challenge=MU7OQaW2c502Cy-teWLpZsWn6Bso03ZV5ThXT_bX7JY&session=d19f7b23-b375-4da6-b9fb-424ef1b6d255&attest=qLjm7GxRl36Rs5js3m0BVNl2s4khSkDHcC0M3NSVQ1E
[info] 
[info] 3. Paste or enter the authorization code below once you have it:
[info] 
[debug] [2026-04-05T22:23:24.095Z] ----------------------------------------------------------------------
[debug] [2026-04-05T22:23:24.098Z] Command:       /usr/bin/node /usr/local/bin/firebase login --no-localhost
[debug] [2026-04-05T22:23:24.099Z] CLI Version:   13.35.1
[debug] [2026-04-05T22:23:24.099Z] Platform:      linux
[debug] [2026-04-05T22:23:24.099Z] Node Version:  v18.19.1
[debug] [2026-04-05T22:23:24.127Z] Time:          Sun Apr 05 2026 22:23:24 GMT+0000 (Coordinated Universal Time)
[debug] [2026-04-05T22:23:24.127Z] Env Overrides: GITHUB_API_URL, GITHUB_API_URL
[debug] [2026-04-05T22:23:24.128Z] ----------------------------------------------------------------------
[debug] 
[info] i  Firebase optionally collects CLI and Emulator Suite usage and error reporting information to help improve our products. Data is collected in accordance with Google's privacy policy (https://policies.google.com/privacy) and is not used to identify you.
 
[info] i  To change your data collection preference at any time, run `firebase logout` and log in again. 
[debug] [2026-04-05T22:23:34.857Z] >>> [apiv2][query] POST https://auth.firebase.tools/attest [none]
[debug] [2026-04-05T22:23:34.857Z] >>> [apiv2][body] POST https://auth.firebase.tools/attest {"session_id":"a6a4f834-272e-4e52-ab8a-fafe5a90a11e"}
[debug] [2026-04-05T22:23:35.262Z] <<< [apiv2][status] POST https://auth.firebase.tools/attest 200
[debug] [2026-04-05T22:23:35.262Z] <<< [apiv2][body] POST https://auth.firebase.tools/attest {"token":"BzKgz2To5KtNOiorsaxPJlKTTbTIFTZhJQpsXWSMlYM"}
[info] 
[info] To sign in to the Firebase CLI:
[info] 
[info] 1. Take note of your session ID:
[info] 
[info]    A6A4F
[info] 
[info] 2. Visit the URL below on any device and follow the instructions to get your code:
[info] 
[info]    https://auth.firebase.tools/login?code_challenge=-tYChLE6PUvITUkJkpNFXt6-lhgXBbpKTsuDWQiQyIc&session=a6a4f834-272e-4e52-ab8a-fafe5a90a11e&attest=BzKgz2To5KtNOiorsaxPJlKTTbTIFTZhJQpsXWSMlYM
[info] 
[info] 3. Paste or enter the authorization code below once you have it:
[info] 
[debug] [2026-04-05T22:36:00.798Z] ----------------------------------------------------------------------
[debug] [2026-04-05T22:36:00.807Z] Command:       /usr/bin/node /usr/local/bin/firebase login --no-localhost
[debug] [2026-04-05T22:36:00.808Z] CLI Version:   13.35.1
[debug] [2026-04-05T22:36:00.809Z] Platform:      linux
[debug] [2026-04-05T22:36:00.809Z] Node Version:  v18.19.1
[debug] [2026-04-05T22:36:00.841Z] Time:          Sun Apr 05 2026 22:36:00 GMT+0000 (Coordinated Universal Time)
[debug] [2026-04-05T22:36:00.843Z] Env Overrides: GITHUB_API_URL, GITHUB_API_URL
[debug] [2026-04-05T22:36:00.843Z] ----------------------------------------------------------------------
[debug] 
[info] i  Firebase optionally collects CLI and Emulator Suite usage and error reporting information to help improve our products. Data is collected in accordance with Google's privacy policy (https://policies.google.com/privacy) and is not used to identify you.
 
[debug] [2026-04-05T22:39:48.804Z] ----------------------------------------------------------------------
[debug] [2026-04-05T22:39:48.807Z] Command:       /usr/bin/node /usr/local/bin/firebase login --no-localhost --reauth
[debug] [2026-04-05T22:39:48.808Z] CLI Version:   13.35.1
[debug] [2026-04-05T22:39:48.808Z] Platform:      linux
[debug] [2026-04-05T22:39:48.808Z] Node Version:  v18.19.1
[debug] [2026-04-05T22:39:48.839Z] Time:          Sun Apr 05 2026 22:39:48 GMT+0000 (Coordinated Universal Time)
[debug] [2026-04-05T22:39:48.840Z] Env Overrides: GITHUB_API_URL, GITHUB_API_URL
[debug] [2026-04-05T22:39:48.840Z] ----------------------------------------------------------------------
[debug] 
[debug] [2026-04-05T22:39:48.852Z] >>> [apiv2][query] POST https://auth.firebase.tools/attest [none]
[debug] [2026-04-05T22:39:48.852Z] >>> [apiv2][body] POST https://auth.firebase.tools/attest {"session_id":"d9b25008-19fe-400a-9c29-997e1465b113"}
[debug] [2026-04-05T22:39:49.243Z] <<< [apiv2][status] POST https://auth.firebase.tools/attest 200
[debug] [2026-04-05T22:39:49.243Z] <<< [apiv2][body] POST https://auth.firebase.tools/attest {"token":"AHLPsr_HVBCFweAlMJ5jI_KPG8KnE6pFCSz2l_XgSrM"}
[info] 
[info] To sign in to the Firebase CLI:
[info] 
[info] 1. Take note of your session ID:
[info] 
[info]    D9B25
[info] 
[info] 2. Visit the URL below on any device and follow the instructions to get your code:
[info] 
[info]    https://auth.firebase.tools/login?code_challenge=LK7OHi2H09tdncxu_ZF0JeC7cwpzdRXmPp5sj5K7fYs&session=d9b25008-19fe-400a-9c29-997e1465b113&attest=AHLPsr_HVBCFweAlMJ5jI_KPG8KnE6pFCSz2l_XgSrM
[info] 
[info] 3. Paste or enter the authorization code below once you have it:
[info] 
[debug] [2026-04-05T22:51:19.475Z] ----------------------------------------------------------------------
[debug] [2026-04-05T22:51:19.478Z] Command:       /usr/bin/node /usr/local/bin/firebase login --no-localhost
[debug] [2026-04-05T22:51:19.479Z] CLI Version:   13.35.1
[debug] [2026-04-05T22:51:19.479Z] Platform:      linux
[debug] [2026-04-05T22:51:19.479Z] Node Version:  v18.19.1
[debug] [2026-04-05T22:51:19.498Z] Time:          Sun Apr 05 2026 22:51:19 GMT+0000 (Coordinated Universal Time)
[debug] [2026-04-05T22:51:19.498Z] Env Overrides: GITHUB_API_URL, GITHUB_API_URL
[debug] [2026-04-05T22:51:19.498Z] ----------------------------------------------------------------------
[debug] 
[info] i  Firebase optionally collects CLI and Emulator Suite usage and error reporting information to help improve our products. Data is collected in accordance with Google's privacy policy (https://policies.google.com/privacy) and is not used to identify you.
 
[info] i  To change your data collection preference at any time, run `firebase logout` and log in again. 
[debug] [2026-04-05T22:51:52.085Z] >>> [apiv2][query] POST https://auth.firebase.tools/attest [none]
[debug] [2026-04-05T22:51:52.085Z] >>> [apiv2][body] POST https://auth.firebase.tools/attest {"session_id":"996dd515-7521-40bc-87e7-586fa0c425b2"}
[debug] [2026-04-05T22:51:52.413Z] <<< [apiv2][status] POST https://auth.firebase.tools/attest 200
[debug] [2026-04-05T22:51:52.413Z] <<< [apiv2][body] POST https://auth.firebase.tools/attest {"token":"ceHd48yIYzS5F15ZIB4IOBZSNUQ0Dp8kA4k8JtHJm8E"}
[info] 
[info] To sign in to the Firebase CLI:
[info] 
[info] 1. Take note of your session ID:
[info] 
[info]    996DD
[info] 
[info] 2. Visit the URL below on any device and follow the instructions to get your code:
[info] 
[info]    https://auth.firebase.tools/login?code_challenge=_Unfsi7N_v4uo2-n746Tehvfcm9o5aGpGDwZHJKD3b0&session=996dd515-7521-40bc-87e7-586fa0c425b2&attest=ceHd48yIYzS5F15ZIB4IOBZSNUQ0Dp8kA4k8JtHJm8E
[info] 
[info] 3. Paste or enter the authorization code below once you have it:
[info] 
[debug] [2026-04-05T22:54:31.315Z] Error: setRawMode EIO
    at ReadStream.setRawMode (node:tty:77:31)
    at [_setRawMode] [as _setRawMode] (node:internal/readline/interface:381:18)
    at Interface.close (node:internal/readline/interface:531:24)
    at ReadStream.ontermend (node:internal/readline/interface:267:10)
    at ReadStream.emit (node:events:529:35)
    at ReadStream.emit (node:domain:489:12)
    at endReadableNT (node:internal/streams/readable:1400:12)
    at process.processTicksAndRejections (node:internal/process/task_queues:82:21)
